# JRE version: OpenJDK Runtime Environment (8.0_144-b01) (build 1.8.0_144-b01)
# Java VM: OpenJDK 64-Bit Server VM (25.144-b01 mixed mode linux-amd64 compressed oops)
Heap:
 PSYoungGen      total 136704K, used 15330K [0x00000000f5580000, 0x0000000100000000, 0x0000000100000000)
  eden space 121344K, 0% used [0x00000000f5580000,0x00000000f5580000,0x00000000fcc00000)
  from space 15360K, 99% used [0x00000000ff100000,0x00000000ffff8930,0x0000000100000000)
  to   space 26624K, 0% used [0x00000000fcc00000,0x00000000fcc00000,0x00000000fe600000)
 ParOldGen       total 97792K, used 42435K [0x00000000e0000000, 0x00000000e5f80000, 0x00000000f5580000)
  object space 97792K, 43% used [0x00000000e0000000,0x00000000e2970d60,0x00000000e5f80000)
 Metaspace       used 28611K, capacity 29376K, committed 29696K, reserved 1075200K
  class space    used 3269K, capacity 3518K, committed 3584K, reserved 1048576K
GC Heap History (10 events):
Event: 4,752 GC heap after
Heap after GC invocations=5 (full 0):
 PSYoungGen      total 104960K, used 7648K [0x00000000f5580000, 0x0000000100000000, 0x0000000100000000)
  eden space 97280K, 0% used [0x00000000f5580000,0x00000000f5580000,0x00000000fb480000)
  from space 7680K, 99% used [0x00000000fb480000,0x00000000fbbf8020,0x00000000fbc00000)
  to   space 15360K, 0% used [0x00000000ff100000,0x00000000ff100000,0x0000000100000000)
 ParOldGen       total 128512K, used 15401K [0x00000000e0000000, 0x00000000e7d80000, 0x00000000f5580000)
  object space 128512K, 11% used [0x00000000e0000000,0x00000000e0f0a418,0x00000000e7d80000)
 Metaspace       used 17163K, capacity 17654K, committed 17792K, reserved 1064960K
  class space    used 2004K, capacity 2147K, committed 2176K, reserved 1048576K
}
Event: 5,257 GC heap before
{Heap before GC invocations=6 (full 0):
 PSYoungGen      total 104960K, used 45599K [0x00000000f5580000, 0x0000000100000000, 0x0000000100000000)
  eden space 97280K, 39% used [0x00000000f5580000,0x00000000f7a8fd88,0x00000000fb480000)
  from space 7680K, 99% used [0x00000000fb480000,0x00000000fbbf8020,0x00000000fbc00000)
  to   space 15360K, 0% used [0x00000000ff100000,0x00000000ff100000,0x0000000100000000)
 ParOldGen       total 128512K, used 15401K [0x00000000e0000000, 0x00000000e7d80000, 0x00000000f5580000)
  object space 128512K, 11% used [0x00000000e0000000,0x00000000e0f0a418,0x00000000e7d80000)
 Metaspace       used 20551K, capacity 21114K, committed 21296K, reserved 1069056K
  class space    used 2447K, capacity 2579K, committed 2688K, reserved 1048576K
Event: 5,287 GC heap after
Heap after GC invocations=6 (full 0):
 PSYoungGen      total 159744K, used 10021K [0x00000000f5580000, 0x0000000100000000, 0x0000000100000000)
  eden space 144384K, 0% used [0x00000000f5580000,0x00000000f5580000,0x00000000fe280000)
  from space 15360K, 65% used [0x00000000ff100000,0x00000000ffac96e8,0x0000000100000000)
  to   space 14848K, 0% used [0x00000000fe280000,0x00000000fe280000,0x00000000ff100000)
 ParOldGen       total 128512K, used 15401K [0x00000000e0000000, 0x00000000e7d80000, 0x00000000f5580000)
  object space 128512K, 11% used [0x00000000e0000000,0x00000000e0f0a418,0x00000000e7d80000)
 Metaspace       used 20551K, capacity 21114K, committed 21296K, reserved 1069056K
  class space    used 2447K, capacity 2579K, committed 2688K, reserved 1048576K
}
Event: 5,287 GC heap before
{Heap before GC invocations=7 (full 1):
 PSYoungGen      total 159744K, used 10021K [0x00000000f5580000, 0x0000000100000000, 0x0000000100000000)
  eden space 144384K, 0% used [0x00000000f5580000,0x00000000f5580000,0x00000000fe280000)
  from space 15360K, 65% used [0x00000000ff100000,0x00000000ffac96e8,0x0000000100000000)
  to   space 14848K, 0% used [0x00000000fe280000,0x00000000fe280000,0x00000000ff100000)
 ParOldGen       total 128512K, used 15401K [0x00000000e0000000, 0x00000000e7d80000, 0x00000000f5580000)
  object space 128512K, 11% used [0x00000000e0000000,0x00000000e0f0a418,0x00000000e7d80000)
 Metaspace       used 20551K, capacity 21114K, committed 21296K, reserved 1069056K
  class space    used 2447K, capacity 2579K, committed 2688K, reserved 1048576K
Event: 5,434 GC heap after
Heap after GC invocations=7 (full 1):
 PSYoungGen      total 159744K, used 0K [0x00000000f5580000, 0x0000000100000000, 0x0000000100000000)
  eden space 144384K, 0% used [0x00000000f5580000,0x00000000f5580000,0x00000000fe280000)
  from space 15360K, 0% used [0x00000000ff100000,0x00000000ff100000,0x0000000100000000)
  to   space 14848K, 0% used [0x00000000fe280000,0x00000000fe280000,0x00000000ff100000)
 ParOldGen       total 97792K, used 20599K [0x00000000e0000000, 0x00000000e5f80000, 0x00000000f5580000)
  object space 97792K, 21% used [0x00000000e0000000,0x00000000e141dfa8,0x00000000e5f80000)
 Metaspace       used 20551K, capacity 21114K, committed 21296K, reserved 1069056K
  class space    used 2447K, capacity 2579K, committed 2688K, reserved 1048576K
}
Event: 8,372 GC heap before
{Heap before GC invocations=8 (full 1):
 PSYoungGen      total 159744K, used 144384K [0x00000000f5580000, 0x0000000100000000, 0x0000000100000000)
  eden space 144384K, 100% used [0x00000000f5580000,0x00000000fe280000,0x00000000fe280000)
  from space 15360K, 0% used [0x00000000ff100000,0x00000000ff100000,0x0000000100000000)
  to   space 14848K, 0% used [0x00000000fe280000,0x00000000fe280000,0x00000000ff100000)
 ParOldGen       total 97792K, used 20599K [0x00000000e0000000, 0x00000000e5f80000, 0x00000000f5580000)
  object space 97792K, 21% used [0x00000000e0000000,0x00000000e141dfa8,0x00000000e5f80000)
 Metaspace       used 24341K, capacity 24896K, committed 24960K, reserved 1071104K
  class space    used 2761K, capacity 2900K, committed 2944K, reserved 1048576K
Event: 8,403 GC heap after
Heap after GC invocations=8 (full 1):
 PSYoungGen      total 159232K, used 14823K [0x00000000f5580000, 0x0000000100000000, 0x0000000100000000)
  eden space 144384K, 0% used [0x00000000f5580000,0x00000000f5580000,0x00000000fe280000)
  from space 14848K, 99% used [0x00000000fe280000,0x00000000ff0f9d70,0x00000000ff100000)
  to   space 15360K, 0% used [0x00000000ff100000,0x00000000ff100000,0x0000000100000000)
 ParOldGen       total 97792K, used 35639K [0x00000000e0000000, 0x00000000e5f80000, 0x00000000f5580000)
  object space 97792K, 36% used [0x00000000e0000000,0x00000000e22cde28,0x00000000e5f80000)
 Metaspace       used 24341K, capacity 24896K, committed 24960K, reserved 1071104K
  class space    used 2761K, capacity 2900K, committed 2944K, reserved 1048576K
}
Event: 21,009 GC heap before
{Heap before GC invocations=9 (full 1):
 PSYoungGen      total 159232K, used 117122K [0x00000000f5580000, 0x0000000100000000, 0x0000000100000000)
  eden space 144384K, 70% used [0x00000000f5580000,0x00000000fb966ce8,0x00000000fe280000)
  from space 14848K, 99% used [0x00000000fe280000,0x00000000ff0f9d70,0x00000000ff100000)
  to   space 15360K, 0% used [0x00000000ff100000,0x00000000ff100000,0x0000000100000000)
 ParOldGen       total 97792K, used 35639K [0x00000000e0000000, 0x00000000e5f80000, 0x00000000f5580000)
  object space 97792K, 36% used [0x00000000e0000000,0x00000000e22cde28,0x00000000e5f80000)
 Metaspace       used 28611K, capacity 29376K, committed 29696K, reserved 1075200K
  class space    used 3269K, capacity 3518K, committed 3584K, reserved 1048576K
Event: 21,049 GC heap after
Heap after GC invocations=9 (full 1):
 PSYoungGen      total 136704K, used 15330K [0x00000000f5580000, 0x0000000100000000, 0x0000000100000000)
  eden space 121344K, 0% used [0x00000000f5580000,0x00000000f5580000,0x00000000fcc00000)
  from space 15360K, 99% used [0x00000000ff100000,0x00000000ffff8930,0x0000000100000000)
  to   space 26624K, 0% used [0x00000000fcc00000,0x00000000fcc00000,0x00000000fe600000)
 ParOldGen       total 97792K, used 42435K [0x00000000e0000000, 0x00000000e5f80000, 0x00000000f5580000)
  object space 97792K, 43% used [0x00000000e0000000,0x00000000e2970d60,0x00000000e5f80000)
 Metaspace       used 28611K, capacity 29376K, committed 29696K, reserved 1075200K
  class space    used 3269K, capacity 3518K, committed 3584K, reserved 1048576K
}
Event: 21,049 GC heap before
{Heap before GC invocations=10 (full 2):
 PSYoungGen      total 136704K, used 15330K [0x00000000f5580000, 0x0000000100000000, 0x0000000100000000)
  eden space 121344K, 0% used [0x00000000f5580000,0x00000000f5580000,0x00000000fcc00000)
  from space 15360K, 99% used [0x00000000ff100000,0x00000000ffff8930,0x0000000100000000)
  to   space 26624K, 0% used [0x00000000fcc00000,0x00000000fcc00000,0x00000000fe600000)
 ParOldGen       total 97792K, used 42435K [0x00000000e0000000, 0x00000000e5f80000, 0x00000000f5580000)
  object space 97792K, 43% used [0x00000000e0000000,0x00000000e2970d60,0x00000000e5f80000)
 Metaspace       used 28611K, capacity 29376K, committed 29696K, reserved 1075200K
  class space    used 3269K, capacity 3518K, committed 3584K, reserved 1048576K

